<?xml version="1.0" encoding="UTF-8"?>
<testsuite xmlns:xsi="http://www.w3.org/2001/XMLSchema-instance" xsi:noNamespaceSchemaLocation="https://maven.apache.org/surefire/maven-surefire-plugin/xsd/surefire-test-report-3.0.xsd" version="3.0" name="com.gcu.Topic43ApplicationTests" time="2.439" tests="1" errors="0" skipped="0" failures="0">
  <properties>
[...]
</properties>
  <testcase name="contextLoads" classname="com.gcu.Topic43ApplicationTests" time="0.402">
    <system-out><![CDATA[Standard Commons Logging discovery in action with spring-jcl: please remove commons-logging.jar from classpath in order to avoid potential conflicts
10:33:19,803 |-INFO in ch.qos.logback.classic.LoggerContext[default] - This is logback-classic version 1.4.14
10:33:19,804 |-INFO in ch.qos.logback.classic.util.ContextInitializer@413f69cc - Here is a list of configurators discovered as a service, by rank: 
10:33:19,804 |-INFO in ch.qos.logback.classic.util.ContextInitializer@413f69cc -   org.springframework.boot.logging.logback.RootLogLevelConfigurator
10:33:19,804 |-INFO in ch.qos.logback.classic.util.ContextInitializer@413f69cc - They will be invoked in order until ExecutionStatus.DO_NOT_INVOKE_NEXT_IF_ANY is returned.
10:33:19,804 |-INFO in ch.qos.logback.classic.util.ContextInitializer@413f69cc - Constructed configurator of type class org.springframework.boot.logging.logback.RootLogLevelConfigurator
10:33:19,809 |-INFO in ch.qos.logback.classic.util.ContextInitializer@413f69cc - org.springframework.boot.logging.logback.RootLogLevelConfigurator.configure() call lasted 1 milliseconds. ExecutionStatus=INVOKE_NEXT_IF_ANY
10:33:19,809 |-INFO in ch.qos.logback.classic.util.ContextInitializer@413f69cc - Trying to configure with ch.qos.logback.classic.joran.SerializedModelConfigurator
10:33:19,809 |-INFO in ch.qos.logback.classic.util.ContextInitializer@413f69cc - Constructed configurator of type class ch.qos.logback.classic.joran.SerializedModelConfigurator
10:33:19,810 |-INFO in ch.qos.logback.classic.LoggerContext[default] - Could NOT find resource [logback-test.scmo]
10:33:19,811 |-INFO in ch.qos.logback.classic.LoggerContext[default] - Could NOT find resource [logback.scmo]
10:33:19,811 |-INFO in ch.qos.logback.classic.util.ContextInitializer@413f69cc - ch.qos.logback.classic.joran.SerializedModelConfigurator.configure() call lasted 2 milliseconds. ExecutionStatus=INVOKE_NEXT_IF_ANY
10:33:19,811 |-INFO in ch.qos.logback.classic.util.ContextInitializer@413f69cc - Trying to configure with ch.qos.logback.classic.util.DefaultJoranConfigurator
10:33:19,811 |-INFO in ch.qos.logback.classic.util.ContextInitializer@413f69cc - Constructed configurator of type class ch.qos.logback.classic.util.DefaultJoranConfigurator
10:33:19,811 |-INFO in ch.qos.logback.classic.LoggerContext[default] - Could NOT find resource [logback-test.xml]
10:33:19,812 |-INFO in ch.qos.logback.classic.LoggerContext[default] - Found resource [logback.xml] at [file:/Users/amypark/Documents/GitHub/CST-323/target/classes/logback.xml]
10:33:19,863 |-INFO in ch.qos.logback.core.model.processor.AppenderModelHandler - Processing appender named [Console]
10:33:19,863 |-INFO in ch.qos.logback.core.model.processor.AppenderModelHandler - About to instantiate appender of type [ch.qos.logback.core.ConsoleAppender]
10:33:19,879 |-WARN in ch.qos.logback.core.ConsoleAppender[Console] - This appender no longer admits a layout as a sub-component, set an encoder instead.
10:33:19,879 |-WARN in ch.qos.logback.core.ConsoleAppender[Console] - To ensure compatibility, wrapping your layout in LayoutWrappingEncoder.
10:33:19,879 |-WARN in ch.qos.logback.core.ConsoleAppender[Console] - See also http://logback.qos.ch/codes.html#layoutInsteadOfEncoder for details
10:33:19,880 |-INFO in ch.qos.logback.core.model.processor.AppenderModelHandler - Processing appender named [GcuConsole]
10:33:19,880 |-INFO in ch.qos.logback.core.model.processor.AppenderModelHandler - About to instantiate appender of type [ch.qos.logback.core.ConsoleAppender]
10:33:19,881 |-WARN in ch.qos.logback.core.ConsoleAppender[GcuConsole] - This appender no longer admits a layout as a sub-component, set an encoder instead.
10:33:19,881 |-WARN in ch.qos.logback.core.ConsoleAppender[GcuConsole] - To ensure compatibility, wrapping your layout in LayoutWrappingEncoder.
10:33:19,881 |-WARN in ch.qos.logback.core.ConsoleAppender[GcuConsole] - See also http://logback.qos.ch/codes.html#layoutInsteadOfEncoder for details
10:33:19,881 |-INFO in ch.qos.logback.core.model.processor.AppenderModelHandler - Processing appender named [RollingFile]
10:33:19,881 |-INFO in ch.qos.logback.core.model.processor.AppenderModelHandler - About to instantiate appender of type [ch.qos.logback.core.rolling.RollingFileAppender]
10:33:19,886 |-INFO in c.q.l.core.rolling.TimeBasedRollingPolicy@525575644 - No compression will be used
10:33:19,887 |-INFO in c.q.l.core.rolling.TimeBasedRollingPolicy@525575644 - Will use the pattern ./logs/archived/spring-boot-logger-%d{yyyy-MM-dd}.%i.log for the active file
10:33:19,899 |-INFO in ch.qos.logback.core.rolling.SizeAndTimeBasedFNATP@1b75c2e3 - The date pattern is 'yyyy-MM-dd' from file name pattern './logs/archived/spring-boot-logger-%d{yyyy-MM-dd}.%i.log'.
10:33:19,899 |-INFO in ch.qos.logback.core.rolling.SizeAndTimeBasedFNATP@1b75c2e3 - Roll-over at midnight.
10:33:19,903 |-INFO in ch.qos.logback.core.rolling.SizeAndTimeBasedFNATP@1b75c2e3 - Setting initial period to 2025-04-03T16:50:08.439Z
10:33:19,903 |-WARN in ch.qos.logback.core.rolling.SizeAndTimeBasedFNATP@1b75c2e3 - SizeAndTimeBasedFNATP is deprecated. Use SizeAndTimeBasedRollingPolicy instead
10:33:19,903 |-WARN in ch.qos.logback.core.rolling.SizeAndTimeBasedFNATP@1b75c2e3 - For more information see http://logback.qos.ch/manual/appenders.html#SizeAndTimeBasedRollingPolicy
10:33:19,905 |-INFO in ch.qos.logback.core.rolling.RollingFileAppender[RollingFile] - Active log file name: ./logs/spring-boot-logger.log
10:33:19,905 |-INFO in ch.qos.logback.core.rolling.RollingFileAppender[RollingFile] - File property is set to [./logs/spring-boot-logger.log]
10:33:19,905 |-INFO in ch.qos.logback.classic.model.processor.RootLoggerModelHandler - Setting level of ROOT logger to INFO
10:33:19,905 |-INFO in ch.qos.logback.core.model.processor.AppenderRefModelHandler - Attaching appender named [RollingFile] to Logger[ROOT]
10:33:19,905 |-INFO in ch.qos.logback.core.model.processor.AppenderRefModelHandler - Attaching appender named [Console] to Logger[ROOT]
10:33:19,906 |-INFO in ch.qos.logback.classic.model.processor.LoggerModelHandler - Setting level of logger [com.gcu] to TRACE
10:33:19,907 |-INFO in ch.qos.logback.classic.model.processor.LoggerModelHandler - Setting additivity of logger [com.gcu] to false
10:33:19,907 |-INFO in ch.qos.logback.core.model.processor.AppenderRefModelHandler - Attaching appender named [RollingFile] to Logger[com.gcu]
10:33:19,907 |-INFO in ch.qos.logback.core.model.processor.AppenderRefModelHandler - Attaching appender named [GcuConsole] to Logger[com.gcu]
10:33:19,907 |-INFO in ch.qos.logback.core.model.processor.DefaultProcessor@1984b1f - End of configuration.
10:33:19,907 |-INFO in ch.qos.logback.classic.joran.JoranConfigurator@3bd323e9 - Registering current configuration as safe fallback point
10:33:19,907 |-INFO in ch.qos.logback.classic.util.ContextInitializer@413f69cc - ch.qos.logback.classic.util.DefaultJoranConfigurator.configure() call lasted 96 milliseconds. ExecutionStatus=DO_NOT_INVOKE_NEXT_IF_ANY

10:33:19.949 [main] INFO  o.s.t.c.s.AnnotationConfigContextLoaderUtils - Could not detect default configuration classes for test class [com.gcu.Topic43ApplicationTests]: Topic43ApplicationTests does not declare any static, non-private, non-final, nested classes annotated with @Configuration.
10:33:20.013 [main] INFO  o.s.b.t.c.SpringBootTestContextBootstrapper - Found @SpringBootConfiguration com.gcu.Topic43Application for test class com.gcu.Topic43ApplicationTests
10:33:20.091 [main] INFO  o.s.b.d.r.RestartApplicationListener - Restart disabled due to context in which it is running
10:33:20,168 |-INFO in ch.qos.logback.core.model.processor.AppenderModelHandler - Processing appender named [Console]
10:33:20,168 |-INFO in ch.qos.logback.core.model.processor.AppenderModelHandler - About to instantiate appender of type [ch.qos.logback.core.ConsoleAppender]
10:33:20,168 |-WARN in ch.qos.logback.core.ConsoleAppender[Console] - This appender no longer admits a layout as a sub-component, set an encoder instead.
10:33:20,168 |-WARN in ch.qos.logback.core.ConsoleAppender[Console] - To ensure compatibility, wrapping your layout in LayoutWrappingEncoder.
10:33:20,168 |-WARN in ch.qos.logback.core.ConsoleAppender[Console] - See also http://logback.qos.ch/codes.html#layoutInsteadOfEncoder for details
10:33:20,168 |-INFO in ch.qos.logback.core.model.processor.AppenderModelHandler - Processing appender named [GcuConsole]
10:33:20,168 |-INFO in ch.qos.logback.core.model.processor.AppenderModelHandler - About to instantiate appender of type [ch.qos.logback.core.ConsoleAppender]
10:33:20,169 |-WARN in ch.qos.logback.core.ConsoleAppender[GcuConsole] - This appender no longer admits a layout as a sub-component, set an encoder instead.
10:33:20,169 |-WARN in ch.qos.logback.core.ConsoleAppender[GcuConsole] - To ensure compatibility, wrapping your layout in LayoutWrappingEncoder.
10:33:20,169 |-WARN in ch.qos.logback.core.ConsoleAppender[GcuConsole] - See also http://logback.qos.ch/codes.html#layoutInsteadOfEncoder for details
10:33:20,169 |-INFO in ch.qos.logback.core.model.processor.AppenderModelHandler - Processing appender named [RollingFile]
10:33:20,169 |-INFO in ch.qos.logback.core.model.processor.AppenderModelHandler - About to instantiate appender of type [ch.qos.logback.core.rolling.RollingFileAppender]
10:33:20,169 |-INFO in c.q.l.core.rolling.TimeBasedRollingPolicy@1857007886 - No compression will be used
10:33:20,169 |-INFO in c.q.l.core.rolling.TimeBasedRollingPolicy@1857007886 - Will use the pattern ./logs/archived/spring-boot-logger-%d{yyyy-MM-dd}.%i.log for the active file
10:33:20,169 |-INFO in ch.qos.logback.core.rolling.SizeAndTimeBasedFNATP@26a94fa5 - The date pattern is 'yyyy-MM-dd' from file name pattern './logs/archived/spring-boot-logger-%d{yyyy-MM-dd}.%i.log'.
10:33:20,169 |-INFO in ch.qos.logback.core.rolling.SizeAndTimeBasedFNATP@26a94fa5 - Roll-over at midnight.
10:33:20,170 |-INFO in ch.qos.logback.core.rolling.SizeAndTimeBasedFNATP@26a94fa5 - Setting initial period to 2025-04-03T17:33:20.091Z
10:33:20,170 |-WARN in ch.qos.logback.core.rolling.SizeAndTimeBasedFNATP@26a94fa5 - SizeAndTimeBasedFNATP is deprecated. Use SizeAndTimeBasedRollingPolicy instead
10:33:20,170 |-WARN in ch.qos.logback.core.rolling.SizeAndTimeBasedFNATP@26a94fa5 - For more information see http://logback.qos.ch/manual/appenders.html#SizeAndTimeBasedRollingPolicy
10:33:20,170 |-INFO in ch.qos.logback.core.rolling.RollingFileAppender[RollingFile] - Active log file name: ./logs/spring-boot-logger.log
10:33:20,170 |-INFO in ch.qos.logback.core.rolling.RollingFileAppender[RollingFile] - File property is set to [./logs/spring-boot-logger.log]
10:33:20,170 |-INFO in ch.qos.logback.classic.model.processor.RootLoggerModelHandler - Setting level of ROOT logger to INFO
10:33:20,170 |-INFO in ch.qos.logback.classic.jul.LevelChangePropagator@464a4442 - Propagating INFO level on Logger[ROOT] onto the JUL framework
10:33:20,170 |-INFO in ch.qos.logback.core.model.processor.AppenderRefModelHandler - Attaching appender named [RollingFile] to Logger[ROOT]
10:33:20,170 |-INFO in ch.qos.logback.core.model.processor.AppenderRefModelHandler - Attaching appender named [Console] to Logger[ROOT]
10:33:20,170 |-INFO in ch.qos.logback.classic.model.processor.LoggerModelHandler - Setting level of logger [com.gcu] to TRACE
10:33:20,170 |-INFO in ch.qos.logback.classic.jul.LevelChangePropagator@464a4442 - Propagating TRACE level on Logger[com.gcu] onto the JUL framework
10:33:20,170 |-INFO in ch.qos.logback.classic.model.processor.LoggerModelHandler - Setting additivity of logger [com.gcu] to false
10:33:20,170 |-INFO in ch.qos.logback.core.model.processor.AppenderRefModelHandler - Attaching appender named [RollingFile] to Logger[com.gcu]
10:33:20,170 |-INFO in ch.qos.logback.core.model.processor.AppenderRefModelHandler - Attaching appender named [GcuConsole] to Logger[com.gcu]
10:33:20,170 |-INFO in ch.qos.logback.core.model.processor.DefaultProcessor@2873d672 - End of configuration.
10:33:20,170 |-INFO in org.springframework.boot.logging.logback.SpringBootJoranConfigurator@3bc735b3 - Registering current configuration as safe fallback point


  .   ____          _            __ _ _
 /\\ / ___'_ __ _ _(_)_ __  __ _ \ \ \ \
( ( )\___ | '_ | '_| | '_ \/ _` | \ \ \ \
 \\/  ___)| |_)| | | | | || (_| |  ) ) ) )
  '  |____| .__|_| |_|_| |_\__, | / / / /
 =========|_|==============|___/=/_/_/_/
&amp#27;[32m :: Spring Boot :: &amp#27;[39m              &amp#27;[2m (v3.2.2)&amp#27;[0;39m

10:33:20.186 [background-preinit] INFO  o.h.validator.internal.util.Version - HV000001: Hibernate Validator 8.0.1.Final
10:33:20.603 [main] INFO  o.s.d.r.c.RepositoryConfigurationDelegate - Bootstrapping Spring Data JDBC repositories in DEFAULT mode.
10:33:20.636 [main] INFO  o.s.d.r.c.RepositoryConfigurationDelegate - Finished Spring Data repository scanning in 30 ms. Found 1 JDBC repository interface.
10:33:20.875 [main] INFO  com.zaxxer.hikari.HikariDataSource - HikariPool-1 - Starting...
10:33:21.392 [main] INFO  com.zaxxer.hikari.pool.HikariPool - HikariPool-1 - Added connection com.mysql.cj.jdbc.ConnectionImpl@749baa0c
10:33:21.394 [main] INFO  com.zaxxer.hikari.HikariDataSource - HikariPool-1 - Start completed.
Calling init() method from OrderBusinessService class
]]></system-out>
    <system-err><![CDATA[WARNING: A Java agent has been loaded dynamically (/Users/amypark/.m2/repository/net/bytebuddy/byte-buddy-agent/1.14.11/byte-buddy-agent-1.14.11.jar)
WARNING: If a serviceability tool is in use, please run with -XX:+EnableDynamicAgentLoading to hide this warning
WARNING: If a serviceability tool is not in use, please run with -Djdk.instrument.traceUsage for more information
WARNING: Dynamic loading of agents will be disallowed by default in a future release
]]></system-err>
  </testcase>
</testsuite>